<?xml version="1.0" encoding="UTF-8"?>
<testsuite name="com.woojin.book.springboot.web.HelloControllerTest" tests="2" skipped="0" failures="0" errors="0" timestamp="2020-06-28T10:20:58" hostname="DESKTOP-4PIDDLV" time="0.031">
  <properties/>
  <testcase name="hello가_리턴된다" classname="com.woojin.book.springboot.web.HelloControllerTest" time="0.01"/>
  <testcase name="helloDto가_리턴된다" classname="com.woojin.book.springboot.web.HelloControllerTest" time="0.02"/>
  <system-out><![CDATA[2020-06-28 19:20:57.864  INFO 14584 --- [    Test worker] .b.t.a.w.s.WebMvcTestContextBootstrapper : Neither @ContextConfiguration nor @ContextHierarchy found for test class [com.woojin.book.springboot.web.HelloControllerTest], using SpringBootContextLoader
2020-06-28 19:20:57.865  INFO 14584 --- [    Test worker] o.s.t.c.support.AbstractContextLoader    : Could not detect default resource locations for test class [com.woojin.book.springboot.web.HelloControllerTest]: no resource found for suffixes {-context.xml, Context.groovy}.
2020-06-28 19:20:57.865  INFO 14584 --- [    Test worker] t.c.s.AnnotationConfigContextLoaderUtils : Could not detect default configuration classes for test class [com.woojin.book.springboot.web.HelloControllerTest]: HelloControllerTest does not declare any static, non-private, non-final, nested classes annotated with @Configuration.
2020-06-28 19:20:57.876  INFO 14584 --- [    Test worker] .b.t.c.SpringBootTestContextBootstrapper : Found @SpringBootConfiguration com.woojin.book.springboot.Application for test class com.woojin.book.springboot.web.HelloControllerTest
2020-06-28 19:20:57.876  INFO 14584 --- [    Test worker] .b.t.a.w.s.WebMvcTestContextBootstrapper : Loaded default TestExecutionListener class names from location [META-INF/spring.factories]: [org.springframework.security.test.context.support.WithSecurityContextTestExecutionListener, org.springframework.security.test.context.support.ReactorContextTestExecutionListener, org.springframework.boot.test.autoconfigure.restdocs.RestDocsTestExecutionListener, org.springframework.boot.test.autoconfigure.web.client.MockRestServiceServerResetTestExecutionListener, org.springframework.boot.test.autoconfigure.web.servlet.MockMvcPrintOnlyOnFailureTestExecutionListener, org.springframework.boot.test.autoconfigure.web.servlet.WebDriverTestExecutionListener, org.springframework.boot.test.mock.mockito.MockitoTestExecutionListener, org.springframework.boot.test.mock.mockito.ResetMocksTestExecutionListener, org.springframework.test.context.web.ServletTestExecutionListener, org.springframework.test.context.support.DirtiesContextBeforeModesTestExecutionListener, org.springframework.test.context.support.DependencyInjectionTestExecutionListener, org.springframework.test.context.support.DirtiesContextTestExecutionListener, org.springframework.test.context.transaction.TransactionalTestExecutionListener, org.springframework.test.context.jdbc.SqlScriptsTestExecutionListener]
2020-06-28 19:20:57.877  INFO 14584 --- [    Test worker] .b.t.a.w.s.WebMvcTestContextBootstrapper : Using TestExecutionListeners: [org.springframework.test.context.web.ServletTestExecutionListener@48a3a39d, org.springframework.test.context.support.DirtiesContextBeforeModesTestExecutionListener@1ab07660, org.springframework.boot.test.mock.mockito.MockitoTestExecutionListener@58c9091e, org.springframework.boot.test.autoconfigure.SpringBootDependencyInjectionTestExecutionListener@202ece15, org.springframework.test.context.support.DirtiesContextTestExecutionListener@75c43ec6, org.springframework.test.context.transaction.TransactionalTestExecutionListener@6cde4568, org.springframework.test.context.jdbc.SqlScriptsTestExecutionListener@7c4f3014, org.springframework.security.test.context.support.WithSecurityContextTestExecutionListener@2a4707ee, org.springframework.security.test.context.support.ReactorContextTestExecutionListener@7e213e6e, org.springframework.boot.test.autoconfigure.restdocs.RestDocsTestExecutionListener@604ac1c7, org.springframework.boot.test.autoconfigure.web.client.MockRestServiceServerResetTestExecutionListener@6580824a, org.springframework.boot.test.autoconfigure.web.servlet.MockMvcPrintOnlyOnFailureTestExecutionListener@77ea9163, org.springframework.boot.test.autoconfigure.web.servlet.WebDriverTestExecutionListener@4f13be, org.springframework.boot.test.mock.mockito.ResetMocksTestExecutionListener@36bdbe89]

  .   ____          _            __ _ _
 /\\ / ___'_ __ _ _(_)_ __  __ _ \ \ \ \
( ( )\___ | '_ | '_| | '_ \/ _` | \ \ \ \
 \\/  ___)| |_)| | | | | || (_| |  ) ) ) )
  '  |____| .__|_| |_|_| |_\__, | / / / /
 =========|_|==============|___/=/_/_/_/
 :: Spring Boot ::        (v2.1.9.RELEASE)

2020-06-28 19:20:57.896  INFO 14584 --- [    Test worker] c.w.b.s.web.HelloControllerTest          : Starting HelloControllerTest on DESKTOP-4PIDDLV with PID 14584 (started by ujini in D:\GitHub\freelec-springboot2-webservice)
2020-06-28 19:20:57.897  INFO 14584 --- [    Test worker] c.w.b.s.web.HelloControllerTest          : No active profile set, falling back to default profiles: default
2020-06-28 19:20:58.146  INFO 14584 --- [    Test worker] o.s.s.concurrent.ThreadPoolTaskExecutor  : Initializing ExecutorService 'applicationTaskExecutor'
2020-06-28 19:20:58.166  INFO 14584 --- [    Test worker] o.s.b.a.w.s.WelcomePageHandlerMapping    : Adding welcome page template: index
2020-06-28 19:20:58.293  INFO 14584 --- [    Test worker] .s.s.UserDetailsServiceAutoConfiguration : 

Using generated security password: 3d4124c9-9084-4d3b-a71e-2583f3e2004c

2020-06-28 19:20:58.371  INFO 14584 --- [    Test worker] o.s.s.web.DefaultSecurityFilterChain     : Creating filter chain: any request, [org.springframework.security.web.context.request.async.WebAsyncManagerIntegrationFilter@10fc464c, org.springframework.security.web.context.SecurityContextPersistenceFilter@4b5c72ba, org.springframework.security.web.header.HeaderWriterFilter@2324bc39, org.springframework.security.web.csrf.CsrfFilter@280a2a82, org.springframework.security.web.authentication.logout.LogoutFilter@295099b6, org.springframework.security.web.authentication.UsernamePasswordAuthenticationFilter@2fe7a00e, org.springframework.security.web.authentication.ui.DefaultLoginPageGeneratingFilter@2e53477a, org.springframework.security.web.authentication.ui.DefaultLogoutPageGeneratingFilter@66f94509, org.springframework.security.web.authentication.www.BasicAuthenticationFilter@1318bad, org.springframework.security.web.savedrequest.RequestCacheAwareFilter@6cb066fe, org.springframework.security.web.servletapi.SecurityContextHolderAwareRequestFilter@6af3ca25, org.springframework.security.web.authentication.AnonymousAuthenticationFilter@6b98c698, org.springframework.security.web.session.SessionManagementFilter@5a03cce5, org.springframework.security.web.access.ExceptionTranslationFilter@43bc8ee9, org.springframework.security.web.access.intercept.FilterSecurityInterceptor@55f7a20f]
2020-06-28 19:20:58.378  INFO 14584 --- [    Test worker] o.s.b.t.m.w.SpringBootMockServletContext : Initializing Spring TestDispatcherServlet ''
2020-06-28 19:20:58.378  INFO 14584 --- [    Test worker] o.s.t.web.servlet.TestDispatcherServlet  : Initializing Servlet ''
2020-06-28 19:20:58.382  INFO 14584 --- [    Test worker] o.s.t.web.servlet.TestDispatcherServlet  : Completed initialization in 4 ms
2020-06-28 19:20:58.396  INFO 14584 --- [    Test worker] c.w.b.s.web.HelloControllerTest          : Started HelloControllerTest in 0.517 seconds (JVM running for 8.022)
]]></system-out>
  <system-err><![CDATA[]]></system-err>
</testsuite>
