<?xml version="1.0" encoding="UTF-8"?>
<testsuite name="com.woojin.book.springboot.web.HelloControllerTest" tests="2" skipped="0" failures="0" errors="0" timestamp="2020-06-30T07:29:43" hostname="DESKTOP-4PIDDLV" time="0.107">
  <properties/>
  <testcase name="hello가_리턴된다" classname="com.woojin.book.springboot.web.HelloControllerTest" time="0.048"/>
  <testcase name="helloDto가_리턴된다" classname="com.woojin.book.springboot.web.HelloControllerTest" time="0.059"/>
  <system-out><![CDATA[2020-06-30 16:29:42.835  INFO 6548 --- [    Test worker] .b.t.a.w.s.WebMvcTestContextBootstrapper : Neither @ContextConfiguration nor @ContextHierarchy found for test class [com.woojin.book.springboot.web.HelloControllerTest], using SpringBootContextLoader
2020-06-30 16:29:42.836  INFO 6548 --- [    Test worker] o.s.t.c.support.AbstractContextLoader    : Could not detect default resource locations for test class [com.woojin.book.springboot.web.HelloControllerTest]: no resource found for suffixes {-context.xml, Context.groovy}.
2020-06-30 16:29:42.837  INFO 6548 --- [    Test worker] t.c.s.AnnotationConfigContextLoaderUtils : Could not detect default configuration classes for test class [com.woojin.book.springboot.web.HelloControllerTest]: HelloControllerTest does not declare any static, non-private, non-final, nested classes annotated with @Configuration.
2020-06-30 16:29:42.854  INFO 6548 --- [    Test worker] .b.t.c.SpringBootTestContextBootstrapper : Found @SpringBootConfiguration com.woojin.book.springboot.Application for test class com.woojin.book.springboot.web.HelloControllerTest
2020-06-30 16:29:42.854  INFO 6548 --- [    Test worker] .b.t.a.w.s.WebMvcTestContextBootstrapper : Loaded default TestExecutionListener class names from location [META-INF/spring.factories]: [org.springframework.security.test.context.support.WithSecurityContextTestExecutionListener, org.springframework.security.test.context.support.ReactorContextTestExecutionListener, org.springframework.boot.test.autoconfigure.restdocs.RestDocsTestExecutionListener, org.springframework.boot.test.autoconfigure.web.client.MockRestServiceServerResetTestExecutionListener, org.springframework.boot.test.autoconfigure.web.servlet.MockMvcPrintOnlyOnFailureTestExecutionListener, org.springframework.boot.test.autoconfigure.web.servlet.WebDriverTestExecutionListener, org.springframework.boot.test.mock.mockito.MockitoTestExecutionListener, org.springframework.boot.test.mock.mockito.ResetMocksTestExecutionListener, org.springframework.test.context.web.ServletTestExecutionListener, org.springframework.test.context.support.DirtiesContextBeforeModesTestExecutionListener, org.springframework.test.context.support.DependencyInjectionTestExecutionListener, org.springframework.test.context.support.DirtiesContextTestExecutionListener, org.springframework.test.context.transaction.TransactionalTestExecutionListener, org.springframework.test.context.jdbc.SqlScriptsTestExecutionListener]
2020-06-30 16:29:42.855  INFO 6548 --- [    Test worker] .b.t.a.w.s.WebMvcTestContextBootstrapper : Using TestExecutionListeners: [org.springframework.test.context.web.ServletTestExecutionListener@6cecf418, org.springframework.test.context.support.DirtiesContextBeforeModesTestExecutionListener@3723bc53, org.springframework.boot.test.mock.mockito.MockitoTestExecutionListener@44a4dce4, org.springframework.boot.test.autoconfigure.SpringBootDependencyInjectionTestExecutionListener@36f54b12, org.springframework.test.context.support.DirtiesContextTestExecutionListener@3d3225e0, org.springframework.test.context.transaction.TransactionalTestExecutionListener@17d9c731, org.springframework.test.context.jdbc.SqlScriptsTestExecutionListener@75787ad2, org.springframework.security.test.context.support.WithSecurityContextTestExecutionListener@69c912b4, org.springframework.security.test.context.support.ReactorContextTestExecutionListener@45783748, org.springframework.boot.test.autoconfigure.restdocs.RestDocsTestExecutionListener@1c419099, org.springframework.boot.test.autoconfigure.web.client.MockRestServiceServerResetTestExecutionListener@2ad9c729, org.springframework.boot.test.autoconfigure.web.servlet.MockMvcPrintOnlyOnFailureTestExecutionListener@b243c74, org.springframework.boot.test.autoconfigure.web.servlet.WebDriverTestExecutionListener@f62882f, org.springframework.boot.test.mock.mockito.ResetMocksTestExecutionListener@1f370402]

  .   ____          _            __ _ _
 /\\ / ___'_ __ _ _(_)_ __  __ _ \ \ \ \
( ( )\___ | '_ | '_| | '_ \/ _` | \ \ \ \
 \\/  ___)| |_)| | | | | || (_| |  ) ) ) )
  '  |____| .__|_| |_|_| |_\__, | / / / /
 =========|_|==============|___/=/_/_/_/
 :: Spring Boot ::        (v2.1.9.RELEASE)

2020-06-30 16:29:42.881  INFO 6548 --- [    Test worker] c.w.b.s.web.HelloControllerTest          : Starting HelloControllerTest on DESKTOP-4PIDDLV with PID 6548 (started by ujini in D:\GitHub\freelec-springboot2-webservice)
2020-06-30 16:29:42.882  INFO 6548 --- [    Test worker] c.w.b.s.web.HelloControllerTest          : No active profile set, falling back to default profiles: default
2020-06-30 16:29:43.201  INFO 6548 --- [    Test worker] o.s.s.concurrent.ThreadPoolTaskExecutor  : Initializing ExecutorService 'applicationTaskExecutor'
2020-06-30 16:29:43.223  INFO 6548 --- [    Test worker] o.s.b.a.w.s.WelcomePageHandlerMapping    : Adding welcome page template: index
2020-06-30 16:29:43.361  INFO 6548 --- [    Test worker] .s.s.UserDetailsServiceAutoConfiguration : 

Using generated security password: 0e6f00bb-8875-439d-b00a-8d85fa9be6e6

2020-06-30 16:29:43.458  INFO 6548 --- [    Test worker] o.s.s.web.DefaultSecurityFilterChain     : Creating filter chain: any request, [org.springframework.security.web.context.request.async.WebAsyncManagerIntegrationFilter@5e675eea, org.springframework.security.web.context.SecurityContextPersistenceFilter@1b85ef49, org.springframework.security.web.header.HeaderWriterFilter@42d1f5c5, org.springframework.security.web.csrf.CsrfFilter@63c194eb, org.springframework.security.web.authentication.logout.LogoutFilter@359a86ca, org.springframework.security.web.authentication.UsernamePasswordAuthenticationFilter@53243656, org.springframework.security.web.authentication.ui.DefaultLoginPageGeneratingFilter@711b2a15, org.springframework.security.web.authentication.ui.DefaultLogoutPageGeneratingFilter@559157a8, org.springframework.security.web.authentication.www.BasicAuthenticationFilter@69c10098, org.springframework.security.web.savedrequest.RequestCacheAwareFilter@53236394, org.springframework.security.web.servletapi.SecurityContextHolderAwareRequestFilter@1e91dbe8, org.springframework.security.web.authentication.AnonymousAuthenticationFilter@34355842, org.springframework.security.web.session.SessionManagementFilter@2dd857b8, org.springframework.security.web.access.ExceptionTranslationFilter@6c64814c, org.springframework.security.web.access.intercept.FilterSecurityInterceptor@74b9f02e]
2020-06-30 16:29:43.484  INFO 6548 --- [    Test worker] o.s.b.t.m.w.SpringBootMockServletContext : Initializing Spring TestDispatcherServlet ''
2020-06-30 16:29:43.484  INFO 6548 --- [    Test worker] o.s.t.web.servlet.TestDispatcherServlet  : Initializing Servlet ''
2020-06-30 16:29:43.494  INFO 6548 --- [    Test worker] o.s.t.web.servlet.TestDispatcherServlet  : Completed initialization in 10 ms
2020-06-30 16:29:43.517  INFO 6548 --- [    Test worker] c.w.b.s.web.HelloControllerTest          : Started HelloControllerTest in 0.659 seconds (JVM running for 6.805)
]]></system-out>
  <system-err><![CDATA[]]></system-err>
</testsuite>
